
/home/runner/work/exp-micro-hardness-test-iitk/exp-micro-hardness-test-iitk/experiment/simulation/js/components.js
     1:10  warning  'MIT' is defined but never used                        no-unused-vars
    17:22  warning  'ContextMenu' is not defined                           no-undef
    17:43  warning  'ContextMenu' is not defined                           no-undef
    29:7   warning  'machineDirection' is assigned a value but never used  no-unused-vars
    71:23  warning  'ContextMenu' is not defined                           no-undef
    97:5   warning  'x' is not defined                                     no-undef
    98:5   warning  'y' is not defined                                     no-undef
   102:16  warning  'y' is not defined                                     no-undef
   103:16  warning  'x' is not defined                                     no-undef
   107:28  warning  'x' is not defined                                     no-undef
   107:31  warning  'y' is not defined                                     no-undef
   123:11  warning  'CURRENT_SAMPLE' is not defined                        no-undef
   125:18  warning  'CURRENT_SAMPLE' is not defined                        no-undef
   127:18  warning  'CURRENT_SAMPLE' is not defined                        no-undef
   144:9   warning  'step' is not defined                                  no-undef
   145:22  warning  'step' is not defined                                  no-undef
   156:9   warning  'step' is not defined                                  no-undef
   157:22  warning  'step' is not defined                                  no-undef
   180:5   warning  'boundary' is not defined                              no-undef
   189:13  warning  'boundary' is not defined                              no-undef
   189:34  warning  'boundary' is not defined                              no-undef
   189:55  warning  'boundary' is not defined                              no-undef
   189:76  warning  'boundary' is not defined                              no-undef
   201:12  warning  'drawLine' is defined but never used                   no-unused-vars
   208:27  warning  'event' is defined but never used                      no-unused-vars
   221:29  warning  'event' is defined but never used                      no-unused-vars
   230:11  warning  'rect' is assigned a value but never used              no-unused-vars
   277:23  warning  'ContextMenu' is not defined                           no-undef
   302:23  warning  'ContextMenu' is not defined                           no-undef
   311:15  warning  'sample' is not defined                                no-undef
   366:10  warning  'Sample' is defined but never used                     no-unused-vars
   369:5   warning  'assetPath' is assigned a value but never used         no-unused-vars
   369:17  warning  'SAMPLE_ASSETS_PATH' is not defined                    no-undef
   386:22  warning  'ContextMenu' is not defined                           no-undef
   386:43  warning  'ContextMenu' is not defined                           no-undef
   388:25  warning  'ContextMenu' is not defined                           no-undef
   388:50  warning  'ContextMenu' is not defined                           no-undef
   417:23  warning  'ContextMenu' is not defined                           no-undef
   425:5   warning  'x' is not defined                                     no-undef
   426:5   warning  'y' is not defined                                     no-undef
   429:7   warning  'x' is not defined                                     no-undef
   429:12  warning  'x' is not defined                                     no-undef
   430:7   warning  'y' is not defined                                     no-undef
   430:12  warning  'y' is not defined                                     no-undef
   435:9   warning  'CURRENT_SAMPLE' is not defined                        no-undef
   437:16  warning  'CURRENT_SAMPLE' is not defined                        no-undef
   439:16  warning  'CURRENT_SAMPLE' is not defined                        no-undef
   449:34  warning  'x' is not defined                                     no-undef
   449:37  warning  'y' is not defined                                     no-undef
   459:9   warning  'step' is not defined                                  no-undef
   460:22  warning  'step' is not defined                                  no-undef
   471:9   warning  'step' is not defined                                  no-undef
   472:22  warning  'step' is not defined                                  no-undef
   486:7   warning  'boundary' is not defined                              no-undef
   493:7   warning  'boundary' is not defined                              no-undef
   503:13  warning  'boundary' is not defined                              no-undef
   503:34  warning  'boundary' is not defined                              no-undef
   503:55  warning  'boundary' is not defined                              no-undef
   503:76  warning  'boundary' is not defined                              no-undef
   515:27  warning  'event' is defined but never used                      no-unused-vars
   530:11  warning  'mit1' is not defined                                  no-undef
   530:19  warning  'mit1' is not defined                                  no-undef
   530:38  warning  'mit1' is not defined                                  no-undef
   531:9   warning  'mit1' is not defined                                  no-undef
   533:12  warning  'mit2' is not defined                                  no-undef
   533:20  warning  'mit2' is not defined                                  no-undef
   533:39  warning  'mit2' is not defined                                  no-undef
   534:9   warning  'mit2' is not defined                                  no-undef
   537:15  warning  'mit3' is not defined                                  no-undef
   537:23  warning  'mit3' is not defined                                  no-undef
   537:42  warning  'mit3' is not defined                                  no-undef
   538:9   warning  'mit3' is not defined                                  no-undef
   586:23  warning  'ContextMenu' is not defined                           no-undef
   589:20  warning  'destory' is not defined                               no-undef
   658:10  warning  'MIT2' is defined but never used                       no-unused-vars
   674:22  warning  'ContextMenu' is not defined                           no-undef
   674:43  warning  'ContextMenu' is not defined                           no-undef
   686:7   warning  'machineDirection' is assigned a value but never used  no-unused-vars
   728:23  warning  'ContextMenu' is not defined                           no-undef
   754:5   warning  'x' is not defined                                     no-undef
   755:5   warning  'y' is not defined                                     no-undef
   759:16  warning  'y' is not defined                                     no-undef
   760:16  warning  'x' is not defined                                     no-undef
   764:28  warning  'x' is not defined                                     no-undef
   764:31  warning  'y' is not defined                                     no-undef
   780:11  warning  'CURRENT_SAMPLE' is not defined                        no-undef
   782:18  warning  'CURRENT_SAMPLE' is not defined                        no-undef
   784:18  warning  'CURRENT_SAMPLE' is not defined                        no-undef
   801:9   warning  'step' is not defined                                  no-undef
   802:22  warning  'step' is not defined                                  no-undef
   813:9   warning  'step' is not defined                                  no-undef
   814:22  warning  'step' is not defined                                  no-undef
   837:5   warning  'boundary' is not defined                              no-undef
   846:13  warning  'boundary' is not defined                              no-undef
   846:34  warning  'boundary' is not defined                              no-undef
   846:55  warning  'boundary' is not defined                              no-undef
   846:76  warning  'boundary' is not defined                              no-undef
   858:12  warning  'drawLine' is defined but never used                   no-unused-vars
   865:27  warning  'event' is defined but never used                      no-unused-vars
   878:29  warning  'event' is defined but never used                      no-unused-vars
   887:11  warning  'rect' is assigned a value but never used              no-unused-vars
   934:23  warning  'ContextMenu' is not defined                           no-undef
   959:23  warning  'ContextMenu' is not defined                           no-undef
   968:15  warning  'sample' is not defined                                no-undef
  1023:10  warning  'MIT3' is defined but never used                       no-unused-vars
  1039:22  warning  'ContextMenu' is not defined                           no-undef
  1039:43  warning  'ContextMenu' is not defined                           no-undef
  1051:7   warning  'machineDirection' is assigned a value but never used  no-unused-vars
  1093:23  warning  'ContextMenu' is not defined                           no-undef
  1119:5   warning  'x' is not defined                                     no-undef
  1120:5   warning  'y' is not defined                                     no-undef
  1124:16  warning  'y' is not defined                                     no-undef
  1125:16  warning  'x' is not defined                                     no-undef
  1129:28  warning  'x' is not defined                                     no-undef
  1129:31  warning  'y' is not defined                                     no-undef
  1145:11  warning  'CURRENT_SAMPLE' is not defined                        no-undef
  1147:18  warning  'CURRENT_SAMPLE' is not defined                        no-undef
  1149:18  warning  'CURRENT_SAMPLE' is not defined                        no-undef
  1166:9   warning  'step' is not defined                                  no-undef
  1167:22  warning  'step' is not defined                                  no-undef
  1178:9   warning  'step' is not defined                                  no-undef
  1179:22  warning  'step' is not defined                                  no-undef
  1202:5   warning  'boundary' is not defined                              no-undef
  1211:13  warning  'boundary' is not defined                              no-undef
  1211:34  warning  'boundary' is not defined                              no-undef
  1211:55  warning  'boundary' is not defined                              no-undef
  1211:76  warning  'boundary' is not defined                              no-undef
  1223:12  warning  'drawLine' is defined but never used                   no-unused-vars
  1230:27  warning  'event' is defined but never used                      no-unused-vars
  1243:29  warning  'event' is defined but never used                      no-unused-vars
  1252:11  warning  'rect' is assigned a value but never used              no-unused-vars
  1299:23  warning  'ContextMenu' is not defined                           no-undef
  1324:23  warning  'ContextMenu' is not defined                           no-undef
  1333:15  warning  'sample' is not defined                                no-undef

/home/runner/work/exp-micro-hardness-test-iitk/exp-micro-hardness-test-iitk/experiment/simulation/js/context.js
  1:7  warning  'ContextMenu' is defined but never used  no-unused-vars

/home/runner/work/exp-micro-hardness-test-iitk/exp-micro-hardness-test-iitk/experiment/simulation/js/index.js
    7:7   warning  'penetrationDepth' is assigned a value but never used     no-unused-vars
   13:5   warning  'sampleLength' is assigned a value but never used         no-unused-vars
   14:5   warning  'sampleDiameter' is assigned a value but never used       no-unused-vars
   15:5   warning  'sampleFinalLength' is assigned a value but never used    no-unused-vars
   16:5   warning  'sampleFinalDiameter' is assigned a value but never used  no-unused-vars
   21:10  warning  'handle' is defined but never used                        no-unused-vars
   68:10  warning  'handleStep1' is defined but never used                   no-unused-vars
   70:8   warning  'mit1' is not defined                                     no-undef
   70:17  warning  'mit2' is not defined                                     no-undef
   70:26  warning  'mit3' is not defined                                     no-undef
   75:8   warning  'mit1' is not defined                                     no-undef
   75:28  warning  'mit2' is not defined                                     no-undef
   75:48  warning  'mit3' is not defined                                     no-undef
   80:7   warning  'mit2' is not defined                                     no-undef
  102:10  warning  'handleStep2' is defined but never used                   no-unused-vars
  106:8   warning  'mit1' is not defined                                     no-undef
  106:34  warning  'mit2' is not defined                                     no-undef
  106:60  warning  'mit3' is not defined                                     no-undef
  116:7   warning  'mit1' is not defined                                     no-undef
  117:9   warning  'CURRENT_SAMPLE' is not defined                           no-undef
  124:16  warning  'CURRENT_SAMPLE' is not defined                           no-undef
  139:7   warning  'mit2' is not defined                                     no-undef
  179:11  warning  'mit1' is not defined                                     no-undef
  180:13  warning  'CURRENT_SAMPLE' is not defined                           no-undef
  204:20  warning  'CURRENT_SAMPLE' is not defined                           no-undef
  254:11  warning  'mit2' is not defined                                     no-undef
  325:10  warning  'handleStep3' is defined but never used                   no-unused-vars
  338:10  warning  'handleStep4' is defined but never used                   no-unused-vars
  350:3   warning  'modal' is not defined                                    no-undef
  350:15  warning  'Modal' is not defined                                    no-undef
  439:3   warning  'modal' is not defined                                    no-undef
  456:10  warning  'reset' is defined but never used                         no-unused-vars
  470:7   warning  'mit1' is not defined                                     no-undef
  471:5   warning  'mit1' is not defined                                     no-undef
  472:5   warning  'mit1' is not defined                                     no-undef
  474:7   warning  'mit2' is not defined                                     no-undef
  475:5   warning  'mit2' is not defined                                     no-undef
  476:5   warning  'mit2' is not defined                                     no-undef
  484:10  warning  'plotGraph' is defined but never used                     no-unused-vars
  491:38  warning  'Chart' is not defined                                    no-undef

/home/runner/work/exp-micro-hardness-test-iitk/exp-micro-hardness-test-iitk/experiment/simulation/js/main.js
   13:5   warning  'vc' is assigned a value but never used              no-unused-vars
   15:5   warning  'samplePath' is assigned a value but never used      no-unused-vars
   16:5   warning  'CURRENT_SAMPLE' is assigned a value but never used  no-unused-vars
   21:15  warning  'machineName' is defined but never used              no-unused-vars
   25:14  warning  'MIT' is not defined                                 no-undef
   26:14  warning  'MIT2' is not defined                                no-undef
   27:13  warning  'MIT3' is not defined                                no-undef
   29:12  warning  'Sample' is not defined                              no-undef
   62:10  warning  'i' is not defined                                   no-undef
   62:18  warning  'i' is not defined                                   no-undef
   62:36  warning  'i' is not defined                                   no-undef
   63:12  warning  'j' is not defined                                   no-undef
   63:20  warning  'j' is not defined                                   no-undef
   63:39  warning  'j' is not defined                                   no-undef
   64:22  warning  'i' is not defined                                   no-undef
   64:25  warning  'j' is not defined                                   no-undef
  144:24  warning  'event' is defined but never used                    no-unused-vars
  185:5   warning  'img' is not defined                                 no-undef
  186:5   warning  'img' is not defined                                 no-undef
  187:5   warning  'img' is not defined                                 no-undef
  188:5   warning  'img' is not defined                                 no-undef
  189:33  warning  'img' is not defined                                 no-undef
  190:24  warning  'img' is not defined                                 no-undef
  204:40  warning  'e' is defined but never used                        no-unused-vars
  255:10  warning  'loadSample' is defined but never used               no-unused-vars
  275:10  warning  'loadMachine' is defined but never used              no-unused-vars

/home/runner/work/exp-micro-hardness-test-iitk/exp-micro-hardness-test-iitk/experiment/simulation/js/modal.js
    4:7   warning  'Modal' is defined but never used  no-unused-vars
  106:40  warning  'e' is defined but never used      no-unused-vars
  117:40  warning  'e' is defined but never used      no-unused-vars
  128:40  warning  'e' is defined but never used      no-unused-vars

/home/runner/work/exp-micro-hardness-test-iitk/exp-micro-hardness-test-iitk/experiment/simulation/js/popover.js
  39:7  warning  'Popover' is defined but never used  no-unused-vars

✖ 206 problems (0 errors, 206 warnings)

